2025-07-18 07:55:36,937 - VCNS-Timer-Launcher - INFO - Starting VCNS Timer Launcher
2025-07-18 07:55:36,944 - VCNS-Timer-Launcher - CRITICAL - Script not found: /bellapp/ubuntu_config_service.py
2025-07-18 07:55:39,436 - VCNS-Timer-Launcher - INFO - Starting VCNS Timer Launcher
2025-07-18 07:55:39,438 - VCNS-Timer-Launcher - CRITICAL - Script not found: /bellapp/ubuntu_config_service.py
2025-07-18 07:55:40,966 - VCNS-Timer-Launcher - INFO - Starting VCNS Timer Launcher
2025-07-18 07:55:40,972 - VCNS-Timer-Launcher - CRITICAL - Script not found: /bellapp/ubuntu_config_service.py
2025-07-18 07:55:42,542 - VCNS-Timer-Launcher - INFO - Starting VCNS Timer Launcher
2025-07-18 07:55:42,546 - VCNS-Timer-Launcher - CRITICAL - Script not found: /bellapp/ubuntu_config_service.py
2025-07-18 07:55:44,904 - VCNS-Timer-Launcher - INFO - Starting VCNS Timer Launcher
2025-07-18 07:55:44,906 - VCNS-Timer-Launcher - CRITICAL - Script not found: /bellapp/ubuntu_config_service.py
2025-07-18 07:55:47,516 - VCNS-Timer-Launcher - INFO - Starting VCNS Timer Launcher
2025-07-18 07:55:47,521 - VCNS-Timer-Launcher - CRITICAL - Script not found: /bellapp/ubuntu_config_service.py
2025-07-18 07:55:51,755 - VCNS-Timer-Launcher - INFO - Starting VCNS Timer Launcher
2025-07-18 07:55:51,757 - VCNS-Timer-Launcher - CRITICAL - Script not found: /bellapp/ubuntu_config_service.py
2025-07-18 07:56:01,635 - VCNS-Timer-Launcher - INFO - Starting VCNS Timer Launcher
2025-07-18 07:56:01,643 - VCNS-Timer-Launcher - CRITICAL - Script not found: /bellapp/ubuntu_config_service.py
2025-07-18 07:56:16,735 - VCNS-Timer-Launcher - INFO - Starting VCNS Timer Launcher
2025-07-18 07:56:16,746 - VCNS-Timer-Launcher - CRITICAL - Script not found: /bellapp/ubuntu_config_service.py
2025-07-18 07:56:44,341 - VCNS-Timer-Launcher - INFO - Starting VCNS Timer Launcher
2025-07-18 07:56:44,343 - VCNS-Timer-Launcher - CRITICAL - Script not found: /bellapp/ubuntu_config_service.py
2025-07-18 08:00:41,241 - VCNS-Timer-Launcher - INFO - Starting VCNS Timer Launcher
2025-07-18 08:00:41,242 - VCNS-Timer-Launcher - INFO - Running inside Docker container.
2025-07-18 08:00:41,243 - VCNS-Timer-Launcher - INFO - Starting vcns_timer_service as subprocess in Docker/WSL...
2025-07-18 08:00:41,247 - VCNS-Timer-Launcher - INFO - vcns_timer_service started with PID: 7
2025-07-18 08:00:46,249 - VCNS-Timer-Launcher - INFO - Starting vcns_timer_web as subprocess in Docker/WSL...
2025-07-18 08:00:46,255 - VCNS-Timer-Launcher - INFO - vcns_timer_web started with PID: 10
2025-07-18 08:00:46,256 - VCNS-Timer-Launcher - INFO - Monitoring services
2025-07-18 08:00:46,257 - VCNS-Timer-Launcher - INFO - Monitoring subprocesses...
2025-07-18 08:10:11,556 - VCNS-Timer-Launcher - INFO - Starting VCNS Timer Launcher
2025-07-18 08:10:11,561 - VCNS-Timer-Launcher - INFO - Running inside Docker container.
2025-07-18 08:10:11,562 - VCNS-Timer-Launcher - INFO - Starting vcns_timer_service as subprocess in Docker/WSL...
2025-07-18 08:10:11,564 - VCNS-Timer-Launcher - INFO - vcns_timer_service started with PID: 6
2025-07-18 08:10:16,569 - VCNS-Timer-Launcher - INFO - Starting vcns_timer_web as subprocess in Docker/WSL...
2025-07-18 08:10:16,572 - VCNS-Timer-Launcher - INFO - vcns_timer_web started with PID: 9
2025-07-18 08:10:16,572 - VCNS-Timer-Launcher - INFO - Monitoring services
2025-07-18 08:10:16,574 - VCNS-Timer-Launcher - INFO - Monitoring subprocesses...
2025-07-18 08:20:54,071 - VCNS-Timer-Launcher - INFO - Starting VCNS Timer Launcher
2025-07-18 08:20:54,077 - VCNS-Timer-Launcher - INFO - Running inside Docker container.
2025-07-18 08:20:54,080 - VCNS-Timer-Launcher - INFO - Starting vcns_timer_service as subprocess in Docker/WSL...
2025-07-18 08:20:54,082 - VCNS-Timer-Launcher - INFO - vcns_timer_service started with PID: 8
2025-07-18 08:20:59,085 - VCNS-Timer-Launcher - INFO - Starting vcns_timer_web as subprocess in Docker/WSL...
2025-07-18 08:20:59,088 - VCNS-Timer-Launcher - INFO - vcns_timer_web started with PID: 11
2025-07-18 08:20:59,090 - VCNS-Timer-Launcher - INFO - Monitoring services
2025-07-18 08:20:59,091 - VCNS-Timer-Launcher - INFO - Monitoring subprocesses...
2025-07-18 08:44:10,840 - VCNS-Timer-Launcher - INFO - Starting VCNS Timer Launcher
2025-07-18 08:44:10,843 - VCNS-Timer-Launcher - INFO - Running inside Docker container.
2025-07-18 08:44:10,848 - VCNS-Timer-Launcher - INFO - Starting vcns_timer_service as subprocess in Docker/WSL with log redirection...
2025-07-18 08:44:10,902 - VCNS-Timer-Launcher - INFO - vcns_timer_service started with PID: 7. Logs redirected to /bellapp/logs/vcns_timer_service.log
2025-07-18 08:44:15,913 - VCNS-Timer-Launcher - INFO - Starting vcns_timer_web as subprocess in Docker/WSL with log redirection...
2025-07-18 08:44:15,930 - VCNS-Timer-Launcher - INFO - vcns_timer_web started with PID: 10. Logs redirected to /bellapp/logs/vcns_timer_web.log
2025-07-18 08:44:15,932 - VCNS-Timer-Launcher - INFO - Monitoring services
2025-07-18 08:44:15,933 - VCNS-Timer-Launcher - INFO - Monitoring subprocesses...
2025-07-18 08:50:22,368 - VCNS-Timer-Launcher - INFO - Starting VCNS Timer Launcher
2025-07-18 08:50:22,369 - VCNS-Timer-Launcher - INFO - Running inside Docker container.
2025-07-18 08:50:22,371 - VCNS-Timer-Launcher - INFO - Starting vcns_timer_service as subprocess in Docker/WSL with log redirection...
2025-07-18 08:50:22,385 - VCNS-Timer-Launcher - INFO - vcns_timer_service started with PID: 7. Logs redirected to /bellapp/logs/vcns_timer_service.log
2025-07-18 08:50:27,403 - VCNS-Timer-Launcher - INFO - Starting vcns_timer_web as subprocess in Docker/WSL with log redirection...
2025-07-18 08:50:27,414 - VCNS-Timer-Launcher - INFO - vcns_timer_web started with PID: 10. Logs redirected to /bellapp/logs/vcns_timer_web.log
2025-07-18 08:50:27,415 - VCNS-Timer-Launcher - INFO - Monitoring services
2025-07-18 08:50:27,415 - VCNS-Timer-Launcher - INFO - Monitoring subprocesses...
2025-07-18 09:00:31,099 - VCNS-Timer-Launcher - INFO - Starting VCNS Timer Launcher
2025-07-18 09:00:31,103 - VCNS-Timer-Launcher - INFO - Running inside Docker container.
2025-07-18 09:00:31,104 - VCNS-Timer-Launcher - INFO - Starting vcns_timer_service as subprocess in Docker/WSL with log redirection...
2025-07-18 09:00:31,228 - VCNS-Timer-Launcher - INFO - vcns_timer_service started with PID: 6. Logs redirected to /bellapp/logs/vcns_timer_service.log
2025-07-18 09:00:36,266 - VCNS-Timer-Launcher - INFO - Starting vcns_timer_web as subprocess in Docker/WSL with log redirection...
2025-07-18 09:00:36,275 - VCNS-Timer-Launcher - INFO - vcns_timer_web started with PID: 9. Logs redirected to /bellapp/logs/vcns_timer_web.log
2025-07-18 09:00:36,276 - VCNS-Timer-Launcher - INFO - Monitoring services
2025-07-18 09:00:36,277 - VCNS-Timer-Launcher - INFO - Monitoring subprocesses...
2025-07-18 09:13:05,182 - VCNS-Timer-Launcher - INFO - Starting VCNS Timer Launcher
2025-07-18 09:13:05,197 - VCNS-Timer-Launcher - INFO - Running inside Docker container.
2025-07-18 09:13:05,214 - VCNS-Timer-Launcher - INFO - Starting vcns_timer_service as subprocess in Docker/WSL with log redirection...
2025-07-18 09:13:05,244 - VCNS-Timer-Launcher - INFO - vcns_timer_service started with PID: 7. Logs redirected to /bellapp/logs/vcns_timer_service.log
2025-07-18 09:13:11,332 - VCNS-Timer-Launcher - INFO - Starting vcns_timer_web as subprocess in Docker/WSL with log redirection...
2025-07-18 09:13:11,348 - VCNS-Timer-Launcher - INFO - vcns_timer_web started with PID: 10. Logs redirected to /bellapp/logs/vcns_timer_web.log
2025-07-18 09:13:11,350 - VCNS-Timer-Launcher - INFO - Monitoring services
2025-07-18 09:13:11,352 - VCNS-Timer-Launcher - INFO - Monitoring subprocesses...
2025-07-18 09:35:21,530 - VCNS-Timer-Launcher - INFO - Starting VCNS Timer Launcher
2025-07-18 09:35:21,533 - VCNS-Timer-Launcher - INFO - Running inside Docker container.
2025-07-18 09:35:21,542 - VCNS-Timer-Launcher - INFO - Starting vcns_timer_service as subprocess in Docker/WSL with log redirection...
2025-07-18 09:35:21,559 - VCNS-Timer-Launcher - INFO - vcns_timer_service started with PID: 7. Logs redirected to /bellapp/logs/vcns_timer_service.log
2025-07-18 09:35:27,653 - VCNS-Timer-Launcher - INFO - Starting vcns_timer_web as subprocess in Docker/WSL with log redirection...
2025-07-18 09:35:27,663 - VCNS-Timer-Launcher - INFO - vcns_timer_web started with PID: 10. Logs redirected to /bellapp/logs/vcns_timer_web.log
2025-07-18 09:35:27,664 - VCNS-Timer-Launcher - INFO - Monitoring services
2025-07-18 09:35:27,665 - VCNS-Timer-Launcher - INFO - Monitoring subprocesses...
2025-07-18 10:00:37,595 - VCNS-Timer-Launcher - INFO - Starting VCNS Timer Launcher
2025-07-18 10:00:37,609 - VCNS-Timer-Launcher - INFO - Running inside Docker container.
2025-07-18 10:00:37,612 - VCNS-Timer-Launcher - INFO - Starting vcns_timer_service as subprocess in Docker/WSL with log redirection...
2025-07-18 10:00:37,631 - VCNS-Timer-Launcher - INFO - vcns_timer_service started with PID: 7. Logs redirected to /bellapp/logs/vcns_timer_service.log
2025-07-18 10:00:42,632 - VCNS-Timer-Launcher - INFO - Starting vcns_timer_web as subprocess in Docker/WSL with log redirection...
2025-07-18 10:00:42,668 - VCNS-Timer-Launcher - INFO - vcns_timer_web started with PID: 10. Logs redirected to /bellapp/logs/vcns_timer_web.log
2025-07-18 10:00:42,688 - VCNS-Timer-Launcher - INFO - Monitoring services
2025-07-18 10:00:42,696 - VCNS-Timer-Launcher - INFO - Monitoring subprocesses...
2025-07-18 11:50:18,004 - VCNS-Timer-Launcher - INFO - Starting VCNS Timer Launcher
2025-07-18 11:50:18,006 - VCNS-Timer-Launcher - INFO - Running inside Docker container.
2025-07-18 11:50:18,007 - VCNS-Timer-Launcher - INFO - Starting vcns_timer_service as subprocess in Docker/WSL with log redirection...
2025-07-18 11:50:18,135 - VCNS-Timer-Launcher - INFO - vcns_timer_service started with PID: 7. Logs redirected to /bellapp/logs/vcns_timer_service.log
2025-07-18 11:50:23,140 - VCNS-Timer-Launcher - INFO - Starting vcns_timer_web as subprocess in Docker/WSL with log redirection...
2025-07-18 11:50:23,203 - VCNS-Timer-Launcher - INFO - vcns_timer_web started with PID: 10. Logs redirected to /bellapp/logs/vcns_timer_web.log
2025-07-18 11:50:23,206 - VCNS-Timer-Launcher - INFO - Monitoring services
2025-07-18 11:50:23,207 - VCNS-Timer-Launcher - INFO - Monitoring subprocesses...
2025-07-18 12:29:22,161 - VCNS-Timer-Launcher - INFO - Starting VCNS Timer Launcher
2025-07-18 12:29:22,369 - VCNS-Timer-Launcher - INFO - Running inside Docker container.
2025-07-18 12:29:22,392 - VCNS-Timer-Launcher - INFO - Starting vcns_timer_service as subprocess in Docker/WSL with log redirection...
2025-07-18 12:29:22,490 - VCNS-Timer-Launcher - INFO - vcns_timer_service started with PID: 7. Logs redirected to /bellapp/logs/vcns_timer_service.log
2025-07-18 12:29:27,493 - VCNS-Timer-Launcher - INFO - Starting vcns_timer_web as subprocess in Docker/WSL with log redirection...
2025-07-18 12:29:28,329 - VCNS-Timer-Launcher - INFO - vcns_timer_web started with PID: 8. Logs redirected to /bellapp/logs/vcns_timer_web.log
2025-07-18 12:29:28,396 - VCNS-Timer-Launcher - INFO - Monitoring services
2025-07-18 12:29:28,472 - VCNS-Timer-Launcher - INFO - Monitoring subprocesses...
2025-07-18 13:07:08,722 - VCNS-Timer-Launcher - INFO - Starting VCNS Timer Launcher
2025-07-18 13:07:08,876 - VCNS-Timer-Launcher - INFO - Running inside Docker container.
2025-07-18 13:07:08,878 - VCNS-Timer-Launcher - INFO - Starting vcns_timer_service as subprocess in Docker/WSL with log redirection...
2025-07-18 13:07:08,896 - VCNS-Timer-Launcher - INFO - vcns_timer_service started with PID: 7. Logs redirected to /bellapp/logs/vcns_timer_service.log
2025-07-18 13:07:13,927 - VCNS-Timer-Launcher - INFO - Starting vcns_timer_web as subprocess in Docker/WSL with log redirection...
2025-07-18 13:07:14,254 - VCNS-Timer-Launcher - INFO - vcns_timer_web started with PID: 8. Logs redirected to /bellapp/logs/vcns_timer_web.log
2025-07-18 13:07:14,376 - VCNS-Timer-Launcher - INFO - Monitoring services
2025-07-18 13:07:14,381 - VCNS-Timer-Launcher - INFO - Monitoring subprocesses...
2025-07-27 21:52:52,915 - VCNS-Timer-Launcher - INFO - Starting VCNS Timer Launcher
2025-07-27 21:52:52,920 - VCNS-Timer-Launcher - INFO - Running inside Docker container.
2025-07-27 21:52:53,058 - VCNS-Timer-Launcher - INFO - Starting vcns_timer_service as subprocess in Docker/WSL with log redirection...
2025-07-27 21:52:53,536 - VCNS-Timer-Launcher - INFO - vcns_timer_service started with PID: 7. Logs redirected to /bellapp/logs/vcns_timer_service.log
2025-07-27 21:52:58,671 - VCNS-Timer-Launcher - INFO - Starting vcns_timer_web as subprocess in Docker/WSL with log redirection...
2025-07-27 21:52:58,836 - VCNS-Timer-Launcher - INFO - vcns_timer_web started with PID: 8. Logs redirected to /bellapp/logs/vcns_timer_web.log
2025-07-27 21:52:58,837 - VCNS-Timer-Launcher - INFO - Monitoring services
2025-07-27 21:52:58,839 - VCNS-Timer-Launcher - INFO - Monitoring subprocesses...
2025-07-28 10:28:47,288 - VCNS-Timer-Launcher - INFO - Starting VCNS Timer Launcher
2025-07-28 10:28:47,290 - VCNS-Timer-Launcher - INFO - Running inside Docker container.
2025-07-28 10:28:47,290 - VCNS-Timer-Launcher - INFO - Starting vcns_timer_service as subprocess in Docker/WSL with log redirection...
2025-07-28 10:28:47,305 - VCNS-Timer-Launcher - INFO - vcns_timer_service started with PID: 7. Logs redirected to /bellapp/logs/vcns_timer_service.log
2025-07-28 10:28:52,304 - VCNS-Timer-Launcher - INFO - Starting vcns_timer_web as subprocess in Docker/WSL with log redirection...
2025-07-28 10:28:52,321 - VCNS-Timer-Launcher - INFO - vcns_timer_web started with PID: 10. Logs redirected to /bellapp/logs/vcns_timer_web.log
2025-07-28 10:28:52,322 - VCNS-Timer-Launcher - INFO - Monitoring services
2025-07-28 10:28:52,324 - VCNS-Timer-Launcher - INFO - Monitoring subprocesses...
2025-07-28 10:41:38,426 - VCNS-Timer-Launcher - INFO - Starting VCNS Timer Launcher
2025-07-28 10:41:38,427 - VCNS-Timer-Launcher - INFO - Running inside Docker container.
2025-07-28 10:41:38,428 - VCNS-Timer-Launcher - INFO - Starting vcns_timer_service as subprocess in Docker/WSL with log redirection...
2025-07-28 10:41:38,444 - VCNS-Timer-Launcher - INFO - vcns_timer_service started with PID: 8. Logs redirected to /bellapp/logs/vcns_timer_service.log
2025-07-28 10:41:43,446 - VCNS-Timer-Launcher - INFO - Starting vcns_timer_web as subprocess in Docker/WSL with log redirection...
2025-07-28 10:41:43,460 - VCNS-Timer-Launcher - INFO - vcns_timer_web started with PID: 11. Logs redirected to /bellapp/logs/vcns_timer_web.log
2025-07-28 10:41:43,461 - VCNS-Timer-Launcher - INFO - Monitoring services
2025-07-28 10:41:43,462 - VCNS-Timer-Launcher - INFO - Monitoring subprocesses...
2025-07-28 11:54:27,933 - VCNS-Timer-Launcher - INFO - Starting VCNS Timer Launcher
2025-07-28 11:54:27,935 - VCNS-Timer-Launcher - INFO - Running inside Docker container.
2025-07-28 11:54:27,936 - VCNS-Timer-Launcher - INFO - Starting vcns_timer_service as subprocess in Docker/WSL with log redirection...
2025-07-28 11:54:27,948 - VCNS-Timer-Launcher - INFO - vcns_timer_service started with PID: 7. Logs redirected to /bellapp/logs/vcns_timer_service.log
2025-07-28 11:54:32,949 - VCNS-Timer-Launcher - INFO - Starting vcns_timer_web as subprocess in Docker/WSL with log redirection...
2025-07-28 11:54:32,974 - VCNS-Timer-Launcher - INFO - vcns_timer_web started with PID: 10. Logs redirected to /bellapp/logs/vcns_timer_web.log
2025-07-28 11:54:32,975 - VCNS-Timer-Launcher - INFO - Monitoring services
2025-07-28 11:54:32,976 - VCNS-Timer-Launcher - INFO - Monitoring subprocesses...
2025-07-28 12:08:27,284 - VCNS-Timer-Launcher - INFO - Starting VCNS Timer Launcher
2025-07-28 12:08:27,285 - VCNS-Timer-Launcher - INFO - Running inside Docker container.
2025-07-28 12:08:27,286 - VCNS-Timer-Launcher - INFO - Starting vcns_timer_service as subprocess in Docker/WSL with log redirection...
2025-07-28 12:08:27,290 - VCNS-Timer-Launcher - INFO - vcns_timer_service started with PID: 7. Logs redirected to /bellapp/logs/vcns_timer_service.log
2025-07-28 12:08:32,291 - VCNS-Timer-Launcher - INFO - Starting vcns_timer_web as subprocess in Docker/WSL with log redirection...
2025-07-28 12:08:32,300 - VCNS-Timer-Launcher - INFO - vcns_timer_web started with PID: 10. Logs redirected to /bellapp/logs/vcns_timer_web.log
2025-07-28 12:08:32,300 - VCNS-Timer-Launcher - INFO - Monitoring services
2025-07-28 12:08:32,301 - VCNS-Timer-Launcher - INFO - Monitoring subprocesses...
2025-07-28 12:12:28,283 - VCNS-Timer-Launcher - INFO - Starting VCNS Timer Launcher
2025-07-28 12:12:28,284 - VCNS-Timer-Launcher - INFO - Running inside Docker container.
2025-07-28 12:12:28,285 - VCNS-Timer-Launcher - INFO - Starting vcns_timer_service as subprocess in Docker/WSL with log redirection...
2025-07-28 12:12:28,302 - VCNS-Timer-Launcher - INFO - vcns_timer_service started with PID: 7. Logs redirected to /bellapp/logs/vcns_timer_service.log
2025-07-28 12:12:33,303 - VCNS-Timer-Launcher - INFO - Starting vcns_timer_web as subprocess in Docker/WSL with log redirection...
2025-07-28 12:12:33,316 - VCNS-Timer-Launcher - INFO - vcns_timer_web started with PID: 10. Logs redirected to /bellapp/logs/vcns_timer_web.log
2025-07-28 12:12:33,317 - VCNS-Timer-Launcher - INFO - Monitoring services
2025-07-28 12:12:33,319 - VCNS-Timer-Launcher - INFO - Monitoring subprocesses...
2025-07-28 12:18:27,816 - VCNS-Timer-Launcher - INFO - Starting VCNS Timer Launcher
2025-07-28 12:18:27,816 - VCNS-Timer-Launcher - INFO - Running inside Docker container.
2025-07-28 12:18:27,817 - VCNS-Timer-Launcher - INFO - Starting vcns_timer_service as subprocess in Docker/WSL with log redirection...
2025-07-28 12:18:27,821 - VCNS-Timer-Launcher - INFO - vcns_timer_service started with PID: 7. Logs redirected to /bellapp/logs/vcns_timer_service.log
2025-07-28 12:18:32,822 - VCNS-Timer-Launcher - INFO - Starting vcns_timer_web as subprocess in Docker/WSL with log redirection...
2025-07-28 12:18:32,827 - VCNS-Timer-Launcher - INFO - vcns_timer_web started with PID: 10. Logs redirected to /bellapp/logs/vcns_timer_web.log
2025-07-28 12:18:32,827 - VCNS-Timer-Launcher - INFO - Monitoring services
2025-07-28 12:18:32,828 - VCNS-Timer-Launcher - INFO - Monitoring subprocesses...
2025-08-30 13:18:05,527 - VCNS-Timer-Launcher - INFO - Starting VCNS Timer Launcher
2025-08-30 13:18:05,533 - VCNS-Timer-Launcher - INFO - Running inside Docker container.
2025-08-30 13:18:05,533 - VCNS-Timer-Launcher - INFO - Starting vcns_timer_service as subprocess in Docker/WSL with log redirection...
2025-08-30 13:18:05,597 - VCNS-Timer-Launcher - INFO - vcns_timer_service started with PID: 7. Logs redirected to /bellapp/logs/vcns_timer_service.log
2025-08-30 13:18:10,634 - VCNS-Timer-Launcher - INFO - Starting vcns_timer_web as subprocess in Docker/WSL with log redirection...
2025-08-30 13:18:10,896 - VCNS-Timer-Launcher - INFO - vcns_timer_web started with PID: 10. Logs redirected to /bellapp/logs/vcns_timer_web.log
2025-08-30 13:18:10,897 - VCNS-Timer-Launcher - INFO - Monitoring services
2025-08-30 13:18:10,898 - VCNS-Timer-Launcher - INFO - Monitoring subprocesses...
2025-08-30 14:37:10,056 - VCNS-Timer-Launcher - INFO - Starting VCNS Timer Launcher
2025-08-30 14:37:10,065 - VCNS-Timer-Launcher - INFO - Running inside Docker container.
2025-08-30 14:37:10,066 - VCNS-Timer-Launcher - INFO - Starting vcns_timer_service as subprocess in Docker/WSL with log redirection...
2025-08-30 14:37:10,090 - VCNS-Timer-Launcher - INFO - vcns_timer_service started with PID: 8. Logs redirected to /bellapp/logs/vcns_timer_service.log
2025-08-30 14:37:15,107 - VCNS-Timer-Launcher - INFO - Starting vcns_timer_web as subprocess in Docker/WSL with log redirection...
2025-08-30 14:37:15,126 - VCNS-Timer-Launcher - INFO - vcns_timer_web started with PID: 9. Logs redirected to /bellapp/logs/vcns_timer_web.log
2025-08-30 14:37:15,134 - VCNS-Timer-Launcher - INFO - Monitoring services
2025-08-30 14:37:15,136 - VCNS-Timer-Launcher - INFO - Monitoring subprocesses...
2025-08-30 14:57:13,402 - VCNS-Timer-Launcher - INFO - Starting VCNS Timer Launcher
2025-08-30 14:57:13,503 - VCNS-Timer-Launcher - INFO - Running inside Docker container.
2025-08-30 14:57:13,654 - VCNS-Timer-Launcher - INFO - Starting vcns_timer_service as subprocess in Docker/WSL with log redirection...
2025-08-30 14:57:14,992 - VCNS-Timer-Launcher - INFO - vcns_timer_service started with PID: 7. Logs redirected to /bellapp/logs/vcns_timer_service.log
2025-08-30 14:57:20,084 - VCNS-Timer-Launcher - INFO - Starting vcns_timer_web as subprocess in Docker/WSL with log redirection...
2025-08-30 14:57:20,434 - VCNS-Timer-Launcher - INFO - vcns_timer_web started with PID: 8. Logs redirected to /bellapp/logs/vcns_timer_web.log
2025-08-30 14:57:20,447 - VCNS-Timer-Launcher - INFO - Monitoring services
2025-08-30 14:57:20,469 - VCNS-Timer-Launcher - INFO - Monitoring subprocesses...
2025-09-06 16:59:42,929 - VCNS-Timer-Launcher - INFO - Starting VCNS Timer Launcher
2025-09-06 16:59:42,934 - VCNS-Timer-Launcher - INFO - Running inside Docker container.
2025-09-06 16:59:42,935 - VCNS-Timer-Launcher - INFO - Starting vcns_timer_service as subprocess in Docker/WSL with log redirection...
2025-09-06 16:59:43,046 - VCNS-Timer-Launcher - INFO - vcns_timer_service started with PID: 8. Logs redirected to /bellapp/logs/vcns_timer_service.log
2025-09-06 16:59:48,049 - VCNS-Timer-Launcher - INFO - Starting vcns_timer_web as subprocess in Docker/WSL with log redirection...
2025-09-06 16:59:48,099 - VCNS-Timer-Launcher - INFO - vcns_timer_web started with PID: 11. Logs redirected to /bellapp/logs/vcns_timer_web.log
2025-09-06 16:59:48,100 - VCNS-Timer-Launcher - INFO - Monitoring services
2025-09-06 16:59:48,101 - VCNS-Timer-Launcher - INFO - Monitoring subprocesses...
